<?xml version="1.0" encoding="UTF-8"?>
<!-- Generated by org.testng.reporters.JUnitReportReporter -->
<testsuite hostname="Samih" failures="0" tests="1" name="page.LoginPage" time="3.621" errors="0" timestamp="2024-04-08T22:06:54 CDT" skipped="0">
  <testcase classname="page.LoginPage" name="avalidUserShouldBeAbleToLogin" time="3.621"/>
  <system-out/>
</testsuite> <!-- page.LoginPage -->
