<?xml version="1.0" encoding="UTF-8"?>
<!-- Generated by org.testng.reporters.JUnitReportReporter -->
<testsuite hostname="Samih" failures="0" tests="1" name="test.LonginTest" time="12.474" errors="0" timestamp="2024-04-15T00:40:06 CDT" skipped="0">
  <testcase classname="test.LonginTest" name="validUserShouldBeAbleToLogin" time="12.474"/>
  <system-out/>
</testsuite> <!-- test.LonginTest -->
